026-05-02 11:42:49 ERROR HomePage:135 - Failed to select start date: no such element: Unable to locate element: {"method":"xpath","selector":"(//span[text()='04'])[1]"}
  (Session info: chrome=146.0.7680.178)
For documentation on this error, please visit: https://www.selenium.dev/documentation/webdriver/troubleshooting/errors#nosuchelementexception
Build info: version: '4.39.0', revision: '126f156aee'
System info: os.name: 'Windows 11', os.arch: 'amd64', os.version: '10.0', java.version: '21.0.2'
Driver info: org.openqa.selenium.chrome.ChromeDriver
Command: [3417261d3c3bc589366c2fe44cd3ebbf, findElement {using=xpath, value=(//span[text()='04'])[1]}]
Capabilities {acceptInsecureCerts: false, browserName: chrome, browserVersion: 146.0.7680.178, chrome: {chromedriverVersion: 146.0.7680.165 (4b989da09e1..., userDataDir: C:\Users\2481483\AppData\Lo...}, fedcm:accounts: true, goog:chromeOptions: {debuggerAddress: localhost:57823}, goog:processID: 17096, networkConnectionEnabled: false, pageLoadStrategy: normal, platformName: windows, proxy: Proxy(), se:cdp: ws://localhost:57823/devtoo..., se:cdpVersion: 146.0.7680.178, setWindowRect: true, strictFileInteractability: false, timeouts: {implicit: 0, pageLoad: 300000, script: 30000}, unhandledPromptBehavior: dismiss and notify, webauthn:extension:credBlob: true, webauthn:extension:largeBlob: true, webauthn:extension:minPinLength: true, webauthn:extension:prf: true, webauthn:virtualAuthenticators: true}
Session ID: 3417261d3c3bc589366c2fe44cd3ebbf
org.openqa.selenium.NoSuchElementException: no such element: Unable to locate element: {"method":"xpath","selector":"(//span[text()='04'])[1]"}
  (Session info: chrome=146.0.7680.178)
For documentation on this error, please visit: https://www.selenium.dev/documentation/webdriver/troubleshooting/errors#nosuchelementexception
Build info: version: '4.39.0', revision: '126f156aee'
System info: os.name: 'Windows 11', os.arch: 'amd64', os.version: '10.0', java.version: '21.0.2'
Driver info: org.openqa.selenium.chrome.ChromeDriver
Command: [3417261d3c3bc589366c2fe44cd3ebbf, findElement {using=xpath, value=(//span[text()='04'])[1]}]
Capabilities {acceptInsecureCerts: false, browserName: chrome, browserVersion: 146.0.7680.178, chrome: {chromedriverVersion: 146.0.7680.165 (4b989da09e1..., userDataDir: C:\Users\2481483\AppData\Lo...}, fedcm:accounts: true, goog:chromeOptions: {debuggerAddress: localhost:57823}, goog:processID: 17096, networkConnectionEnabled: false, pageLoadStrategy: normal, platformName: windows, proxy: Proxy(), se:cdp: ws://localhost:57823/devtoo..., se:cdpVersion: 146.0.7680.178, setWindowRect: true, strictFileInteractability: false, timeouts: {implicit: 0, pageLoad: 300000, script: 30000}, unhandledPromptBehavior: dismiss and notify, webauthn:extension:credBlob: true, webauthn:extension:largeBlob: true, webauthn:extension:minPinLength: true, webauthn:extension:prf: true, webauthn:virtualAuthenticators: true}
Session ID: 3417261d3c3bc589366c2fe44cd3ebbf
	at java.base/jdk.internal.reflect.DirectConstructorHandleAccessor.newInstance(DirectConstructorHandleAccessor.java:62)
	at java.base/java.lang.reflect.Constructor.newInstanceWithCaller(Constructor.java:502)
	at java.base/java.lang.reflect.Constructor.newInstance(Constructor.java:486)
	at org.openqa.selenium.remote.ErrorCodec.decode(ErrorCodec.java:167)
	at org.openqa.selenium.remote.codec.w3c.W3CHttpResponseCodec.decode(W3CHttpResponseCodec.java:142)
	at org.openqa.selenium.remote.codec.w3c.W3CHttpResponseCodec.decode(W3CHttpResponseCodec.java:49)
	at org.openqa.selenium.remote.HttpCommandExecutor.execute(HttpCommandExecutor.java:215)
	at org.openqa.selenium.remote.service.DriverCommandExecutor.invokeExecute(DriverCommandExecutor.java:216)
	at org.openqa.selenium.remote.service.DriverCommandExecutor.execute(DriverCommandExecutor.java:174)
	at org.openqa.selenium.remote.RemoteWebDriver.execute(RemoteWebDriver.java:561)
	at org.openqa.selenium.remote.ElementLocation$ElementFinder$2.findElement(ElementLocation.java:166)
	at org.openqa.selenium.remote.ElementLocation.findElement(ElementLocation.java:60)
	at org.openqa.selenium.remote.RemoteWebDriver.findElement(RemoteWebDriver.java:384)
	at org.openqa.selenium.remote.RemoteWebDriver.findElement(RemoteWebDriver.java:378)
	at org.zigwheels.pages.HomePage.startDate(HomePage.java:130)
	at org.booking.testcases.ranu.TC_02_VerifyWonderfulFilterApplied.verifyWonderfulFilter(TC_02_VerifyWonderfulFilterApplied.java:17)
	at java.base/jdk.internal.reflect.DirectMethodHandleAccessor.invoke(DirectMethodHandleAccessor.java:103)
	at java.base/java.lang.reflect.Method.invoke(Method.java:580)
	at org.testng.internal.invokers.MethodInvocationHelper.invokeMethod(MethodInvocationHelper.java:141)
	at org.testng.internal.invokers.TestInvoker.invokeMethod(TestInvoker.java:687)
	at org.testng.internal.invokers.TestInvoker.invokeTestMethod(TestInvoker.java:230)
	at org.testng.internal.invokers.MethodRunner.runInSequence(MethodRunner.java:63)
	at org.testng.internal.invokers.TestInvoker$MethodInvocationAgent.invoke(TestInvoker.java:995)
	at org.testng.internal.invokers.TestInvoker.invokeTestMethods(TestInvoker.java:203)
	at org.testng.internal.invokers.TestMethodWorker.invokeTestMethods(TestMethodWorker.java:154)
	at org.testng.internal.invokers.TestMethodWorker.run(TestMethodWorker.java:134)
	at java.base/java.util.ArrayList.forEach(ArrayList.java:1596)
	at org.testng.TestRunner.privateRun(TestRunner.java:741)
	at org.testng.TestRunner.run(TestRunner.java:616)
	at org.testng.SuiteRunner.runTest(SuiteRunner.java:421)
	at org.testng.SuiteRunner.runSequentially(SuiteRunner.java:413)
	at org.testng.SuiteRunner.privateRun(SuiteRunner.java:373)
	at org.testng.SuiteRunner.run(SuiteRunner.java:312)
	at org.testng.SuiteRunnerWorker.runSuite(SuiteRunnerWorker.java:52)
	at org.testng.SuiteRunnerWorker.run(SuiteRunnerWorker.java:95)
	at org.testng.TestNG.runSuitesSequentially(TestNG.java:1274)
	at org.testng.TestNG.runSuitesLocally(TestNG.java:1208)
	at org.testng.TestNG.runSuites(TestNG.java:1112)
	at org.testng.TestNG.run(TestNG.java:1079)
	at com.intellij.rt.testng.IDEARemoteTestNG.run(IDEARemoteTestNG.java:65)
	at com.intellij.rt.testng.RemoteTestNGStarter.main(RemoteTestNGStarter.java:105)
2026-05-02 11:43:59 ERROR HomePage:135 - Failed to select start date: no such element: Unable to locate element: {"method":"xpath","selector":"(//span[text()='04'])[1]"}
  (Session info: chrome=146.0.7680.178)
For documentation on this error, please visit: https://www.selenium.dev/documentation/webdriver/troubleshooting/errors#nosuchelementexception
Build info: version: '4.39.0', revision: '126f156aee'
System info: os.name: 'Windows 11', os.arch: 'amd64', os.version: '10.0', java.version: '21.0.2'
Driver info: org.openqa.selenium.chrome.ChromeDriver
Command: [689525f1b96f2ec18d98713b47cddf01, findElement {using=xpath, value=(//span[text()='04'])[1]}]
Capabilities {acceptInsecureCerts: false, browserName: chrome, browserVersion: 146.0.7680.178, chrome: {chromedriverVersion: 146.0.7680.165 (4b989da09e1..., userDataDir: C:\Users\2481483\AppData\Lo...}, fedcm:accounts: true, goog:chromeOptions: {debuggerAddress: localhost:61690}, goog:processID: 17092, networkConnectionEnabled: false, pageLoadStrategy: normal, platformName: windows, proxy: Proxy(), se:cdp: ws://localhost:61690/devtoo..., se:cdpVersion: 146.0.7680.178, setWindowRect: true, strictFileInteractability: false, timeouts: {implicit: 0, pageLoad: 300000, script: 30000}, unhandledPromptBehavior: dismiss and notify, webauthn:extension:credBlob: true, webauthn:extension:largeBlob: true, webauthn:extension:minPinLength: true, webauthn:extension:prf: true, webauthn:virtualAuthenticators: true}
Session ID: 689525f1b96f2ec18d98713b47cddf01
org.openqa.selenium.NoSuchElementException: no such element: Unable to locate element: {"method":"xpath","selector":"(//span[text()='04'])[1]"}
  (Session info: chrome=146.0.7680.178)
For documentation on this error, please visit: https://www.selenium.dev/documentation/webdriver/troubleshooting/errors#nosuchelementexception
Build info: version: '4.39.0', revision: '126f156aee'
System info: os.name: 'Windows 11', os.arch: 'amd64', os.version: '10.0', java.version: '21.0.2'
Driver info: org.openqa.selenium.chrome.ChromeDriver
Command: [689525f1b96f2ec18d98713b47cddf01, findElement {using=xpath, value=(//span[text()='04'])[1]}]
Capabilities {acceptInsecureCerts: false, browserName: chrome, browserVersion: 146.0.7680.178, chrome: {chromedriverVersion: 146.0.7680.165 (4b989da09e1..., userDataDir: C:\Users\2481483\AppData\Lo...}, fedcm:accounts: true, goog:chromeOptions: {debuggerAddress: localhost:61690}, goog:processID: 17092, networkConnectionEnabled: false, pageLoadStrategy: normal, platformName: windows, proxy: Proxy(), se:cdp: ws://localhost:61690/devtoo..., se:cdpVersion: 146.0.7680.178, setWindowRect: true, strictFileInteractability: false, timeouts: {implicit: 0, pageLoad: 300000, script: 30000}, unhandledPromptBehavior: dismiss and notify, webauthn:extension:credBlob: true, webauthn:extension:largeBlob: true, webauthn:extension:minPinLength: true, webauthn:extension:prf: true, webauthn:virtualAuthenticators: true}
Session ID: 689525f1b96f2ec18d98713b47cddf01
	at java.base/jdk.internal.reflect.DirectConstructorHandleAccessor.newInstance(DirectConstructorHandleAccessor.java:62)
	at java.base/java.lang.reflect.Constructor.newInstanceWithCaller(Constructor.java:502)
	at java.base/java.lang.reflect.Constructor.newInstance(Constructor.java:486)
	at org.openqa.selenium.remote.ErrorCodec.decode(ErrorCodec.java:167)
	at org.openqa.selenium.remote.codec.w3c.W3CHttpResponseCodec.decode(W3CHttpResponseCodec.java:142)
	at org.openqa.selenium.remote.codec.w3c.W3CHttpResponseCodec.decode(W3CHttpResponseCodec.java:49)
	at org.openqa.selenium.remote.HttpCommandExecutor.execute(HttpCommandExecutor.java:215)
	at org.openqa.selenium.remote.service.DriverCommandExecutor.invokeExecute(DriverCommandExecutor.java:216)
	at org.openqa.selenium.remote.service.DriverCommandExecutor.execute(DriverCommandExecutor.java:174)
	at org.openqa.selenium.remote.RemoteWebDriver.execute(RemoteWebDriver.java:561)
	at org.openqa.selenium.remote.ElementLocation$ElementFinder$2.findElement(ElementLocation.java:166)
	at org.openqa.selenium.remote.ElementLocation.findElement(ElementLocation.java:60)
	at org.openqa.selenium.remote.RemoteWebDriver.findElement(RemoteWebDriver.java:384)
	at org.openqa.selenium.remote.RemoteWebDriver.findElement(RemoteWebDriver.java:378)
	at org.zigwheels.pages.HomePage.startDate(HomePage.java:130)
	at org.booking.testcases.ranu.TC_02_VerifyWonderfulFilterApplied.verifyWonderfulFilter(TC_02_VerifyWonderfulFilterApplied.java:17)
	at java.base/jdk.internal.reflect.DirectMethodHandleAccessor.invoke(DirectMethodHandleAccessor.java:103)
	at java.base/java.lang.reflect.Method.invoke(Method.java:580)
	at org.testng.internal.invokers.MethodInvocationHelper.invokeMethod(MethodInvocationHelper.java:141)
	at org.testng.internal.invokers.TestInvoker.invokeMethod(TestInvoker.java:687)
	at org.testng.internal.invokers.TestInvoker.invokeTestMethod(TestInvoker.java:230)
	at org.testng.internal.invokers.MethodRunner.runInSequence(MethodRunner.java:63)
	at org.testng.internal.invokers.TestInvoker$MethodInvocationAgent.invoke(TestInvoker.java:995)
	at org.testng.internal.invokers.TestInvoker.invokeTestMethods(TestInvoker.java:203)
	at org.testng.internal.invokers.TestMethodWorker.invokeTestMethods(TestMethodWorker.java:154)
	at org.testng.internal.invokers.TestMethodWorker.run(TestMethodWorker.java:134)
	at java.base/java.util.ArrayList.forEach(ArrayList.java:1596)
	at org.testng.TestRunner.privateRun(TestRunner.java:741)
	at org.testng.TestRunner.run(TestRunner.java:616)
	at org.testng.SuiteRunner.runTest(SuiteRunner.java:421)
	at org.testng.SuiteRunner.runSequentially(SuiteRunner.java:413)
	at org.testng.SuiteRunner.privateRun(SuiteRunner.java:373)
	at org.testng.SuiteRunner.run(SuiteRunner.java:312)
	at org.testng.SuiteRunnerWorker.runSuite(SuiteRunnerWorker.java:52)
	at org.testng.SuiteRunnerWorker.run(SuiteRunnerWorker.java:95)
	at org.testng.TestNG.runSuitesSequentially(TestNG.java:1274)
	at org.testng.TestNG.runSuitesLocally(TestNG.java:1208)
	at org.testng.TestNG.runSuites(TestNG.java:1112)
	at org.testng.TestNG.run(TestNG.java:1079)
	at com.intellij.rt.testng.IDEARemoteTestNG.run(IDEARemoteTestNG.java:65)
	at com.intellij.rt.testng.RemoteTestNGStarter.main(RemoteTestNGStarter.java:105)
2026-05-02 13:44:33 WARN  HomePage:91 - Click intercepted, used JavaScript click for clickDateElement
2026-05-02 13:44:35 ERROR HomePage:138 - Failed to select start date: element click intercepted: Element <span>...</span> is not clickable at point (556, 595). Other element would receive the click: <div class="bbe73dce14">...</div>
  (Session info: chrome=146.0.7680.178)
Build info: version: '4.39.0', revision: '126f156aee'
System info: os.name: 'Windows 11', os.arch: 'amd64', os.version: '10.0', java.version: '21.0.2'
Driver info: org.openqa.selenium.chrome.ChromeDriver
Command: [3311e82b32b6eb4e705790bf662e9254, clickElement {id=f.05A8B26746D6DDA35D45AA9942F438A8.d.CA9526A4C60146D4461FB56D1C9E5B93.e.149}]
Capabilities {acceptInsecureCerts: false, browserName: chrome, browserVersion: 146.0.7680.178, chrome: {chromedriverVersion: 146.0.7680.165 (4b989da09e1..., userDataDir: C:\Users\2481483\AppData\Lo...}, fedcm:accounts: true, goog:chromeOptions: {debuggerAddress: localhost:52916}, goog:processID: 19292, networkConnectionEnabled: false, pageLoadStrategy: normal, platformName: windows, proxy: Proxy(), se:cdp: ws://localhost:52916/devtoo..., se:cdpVersion: 146.0.7680.178, setWindowRect: true, strictFileInteractability: false, timeouts: {implicit: 0, pageLoad: 300000, script: 30000}, unhandledPromptBehavior: dismiss and notify, webauthn:extension:credBlob: true, webauthn:extension:largeBlob: true, webauthn:extension:minPinLength: true, webauthn:extension:prf: true, webauthn:virtualAuthenticators: true}
Element: [[ChromeDriver: chrome on windows (3311e82b32b6eb4e705790bf662e9254)] -> xpath: (//span[text()='4'])[1]]
Session ID: 3311e82b32b6eb4e705790bf662e9254
org.openqa.selenium.ElementClickInterceptedException: element click intercepted: Element <span>...</span> is not clickable at point (556, 595). Other element would receive the click: <div class="bbe73dce14">...</div>
  (Session info: chrome=146.0.7680.178)
Build info: version: '4.39.0', revision: '126f156aee'
System info: os.name: 'Windows 11', os.arch: 'amd64', os.version: '10.0', java.version: '21.0.2'
Driver info: org.openqa.selenium.chrome.ChromeDriver
Command: [3311e82b32b6eb4e705790bf662e9254, clickElement {id=f.05A8B26746D6DDA35D45AA9942F438A8.d.CA9526A4C60146D4461FB56D1C9E5B93.e.149}]
Capabilities {acceptInsecureCerts: false, browserName: chrome, browserVersion: 146.0.7680.178, chrome: {chromedriverVersion: 146.0.7680.165 (4b989da09e1..., userDataDir: C:\Users\2481483\AppData\Lo...}, fedcm:accounts: true, goog:chromeOptions: {debuggerAddress: localhost:52916}, goog:processID: 19292, networkConnectionEnabled: false, pageLoadStrategy: normal, platformName: windows, proxy: Proxy(), se:cdp: ws://localhost:52916/devtoo..., se:cdpVersion: 146.0.7680.178, setWindowRect: true, strictFileInteractability: false, timeouts: {implicit: 0, pageLoad: 300000, script: 30000}, unhandledPromptBehavior: dismiss and notify, webauthn:extension:credBlob: true, webauthn:extension:largeBlob: true, webauthn:extension:minPinLength: true, webauthn:extension:prf: true, webauthn:virtualAuthenticators: true}
Element: [[ChromeDriver: chrome on windows (3311e82b32b6eb4e705790bf662e9254)] -> xpath: (//span[text()='4'])[1]]
Session ID: 3311e82b32b6eb4e705790bf662e9254
	at java.base/jdk.internal.reflect.DirectConstructorHandleAccessor.newInstance(DirectConstructorHandleAccessor.java:62)
	at java.base/java.lang.reflect.Constructor.newInstanceWithCaller(Constructor.java:502)
	at java.base/java.lang.reflect.Constructor.newInstance(Constructor.java:486)
	at org.openqa.selenium.remote.ErrorCodec.decode(ErrorCodec.java:167)
	at org.openqa.selenium.remote.codec.w3c.W3CHttpResponseCodec.decode(W3CHttpResponseCodec.java:142)
	at org.openqa.selenium.remote.codec.w3c.W3CHttpResponseCodec.decode(W3CHttpResponseCodec.java:49)
	at org.openqa.selenium.remote.HttpCommandExecutor.execute(HttpCommandExecutor.java:215)
	at org.openqa.selenium.remote.service.DriverCommandExecutor.invokeExecute(DriverCommandExecutor.java:216)
	at org.openqa.selenium.remote.service.DriverCommandExecutor.execute(DriverCommandExecutor.java:174)
	at org.openqa.selenium.remote.RemoteWebDriver.execute(RemoteWebDriver.java:561)
	at org.openqa.selenium.remote.RemoteWebElement.execute(RemoteWebElement.java:223)
	at org.openqa.selenium.remote.RemoteWebElement.click(RemoteWebElement.java:76)
	at org.zigwheels.pages.HomePage.startDate(HomePage.java:133)
	at org.booking.testcases.ranu.TC_01_ValidateSearchCityFunctionalityNegative.enterCity(TC_01_ValidateSearchCityFunctionalityNegative.java:16)
	at java.base/jdk.internal.reflect.DirectMethodHandleAccessor.invoke(DirectMethodHandleAccessor.java:103)
	at java.base/java.lang.reflect.Method.invoke(Method.java:580)
	at org.testng.internal.invokers.MethodInvocationHelper.invokeMethod(MethodInvocationHelper.java:141)
	at org.testng.internal.invokers.TestInvoker.invokeMethod(TestInvoker.java:687)
	at org.testng.internal.invokers.TestInvoker.invokeTestMethod(TestInvoker.java:230)
	at org.testng.internal.invokers.MethodRunner.runInSequence(MethodRunner.java:63)
	at org.testng.internal.invokers.TestInvoker$MethodInvocationAgent.invoke(TestInvoker.java:995)
	at org.testng.internal.invokers.TestInvoker.invokeTestMethods(TestInvoker.java:203)
	at org.testng.internal.invokers.TestMethodWorker.invokeTestMethods(TestMethodWorker.java:154)
	at org.testng.internal.invokers.TestMethodWorker.run(TestMethodWorker.java:134)
	at java.base/java.util.ArrayList.forEach(ArrayList.java:1596)
	at org.testng.TestRunner.privateRun(TestRunner.java:741)
	at org.testng.TestRunner.run(TestRunner.java:616)
	at org.testng.SuiteRunner.runTest(SuiteRunner.java:421)
	at org.testng.SuiteRunner.runSequentially(SuiteRunner.java:413)
	at org.testng.SuiteRunner.privateRun(SuiteRunner.java:373)
	at org.testng.SuiteRunner.run(SuiteRunner.java:312)
	at org.testng.SuiteRunnerWorker.runSuite(SuiteRunnerWorker.java:52)
	at org.testng.SuiteRunnerWorker.run(SuiteRunnerWorker.java:95)
	at org.testng.TestNG.runSuitesSequentially(TestNG.java:1274)
	at org.testng.TestNG.runSuitesLocally(TestNG.java:1208)
	at org.testng.TestNG.runSuites(TestNG.java:1112)
	at org.testng.TestNG.run(TestNG.java:1079)
	at com.intellij.rt.testng.IDEARemoteTestNG.run(IDEARemoteTestNG.java:65)
	at com.intellij.rt.testng.RemoteTestNGStarter.main(RemoteTestNGStarter.java:105)
2026-05-02 14:58:11 INFO  PropertyDetailsPage:80 - Holiday Home Title: Fairmont The Norfolk
2026-05-02 14:58:11 INFO  PropertyDetailsPage:84 - Holiday Home Location: Harry Thuku Road, Nairobi CBD, 00200 Nairobi, Kenya
Excellent location – rated 9/10!
2026-05-02 14:58:12 INFO  PropertyDetailsPage:92 - Holiday Home Total Price (All Nights Included): ₹ 1,182,626
2026-05-02 14:58:12 INFO  PropertyDetailsPage:109 - Duration: 31 nights
2026-05-02 14:58:12 INFO  PropertyDetailsPage:110 - Per Night: ₹38149.22580645161
2026-05-02 14:58:22 INFO  PropertyDetailsPage:80 - Holiday Home Title: Nairobi Serena Hotel
2026-05-02 14:58:22 INFO  PropertyDetailsPage:84 - Holiday Home Location: Kenyatta Avenue,, 00100 Nairobi, Kenya
Excellent location – rated 9.2/10!
2026-05-02 14:58:22 INFO  PropertyDetailsPage:92 - Holiday Home Total Price (All Nights Included): ₹ 1,679,689
2026-05-02 14:58:22 INFO  PropertyDetailsPage:109 - Duration: 31 nights
2026-05-02 14:58:22 INFO  PropertyDetailsPage:110 - Per Night: ₹54183.51612903226
2026-05-02 14:58:31 INFO  PropertyDetailsPage:80 - Holiday Home Title: Glee Nairobi, a Preferred LVX Hotel
2026-05-02 14:58:31 INFO  PropertyDetailsPage:84 - Holiday Home Location: Glee Nairobi, 27384 Nairobi, Kenya
After booking, all of the property’s details, including telephone and address, are provided in your booking confirmation and your account.
2026-05-02 14:58:31 INFO  PropertyDetailsPage:92 - Holiday Home Total Price (All Nights Included): ₹ 1,200,547
2026-05-02 14:58:31 INFO  PropertyDetailsPage:109 - Duration: 31 nights
2026-05-02 14:58:31 INFO  PropertyDetailsPage:110 - Per Night: ₹38727.32258064516
2026-05-02 14:58:38 INFO  PropertyDetailsPage:80 - Holiday Home Title: Kamille Suites
2026-05-02 14:58:38 INFO  PropertyDetailsPage:84 - Holiday Home Location: Fedha Road Tsavo Fedha, 00100 Nairobi, Kenya
Excellent location – rated 9.6/10!
2026-05-02 14:58:38 INFO  PropertyDetailsPage:92 - Holiday Home Total Price (All Nights Included): ₹ 115,045
2026-05-02 14:58:38 INFO  PropertyDetailsPage:109 - Duration: 31 nights
2026-05-02 14:58:38 INFO  PropertyDetailsPage:110 - Per Night: ₹3711.1290322580644
2026-05-02 14:58:45 INFO  PropertyDetailsPage:80 - Holiday Home Title: Caster one-bedroom apartment JKIA
2026-05-02 14:58:45 INFO  PropertyDetailsPage:84 - Holiday Home Location: Muthama Access Road Tofina muthama apartments block A house A10, 45995 Nairobi, Kenya
After booking, all of the property’s details, including telephone and address, are provided in your booking confirmation and your account.
2026-05-02 14:58:46 INFO  PropertyDetailsPage:92 - Holiday Home Total Price (All Nights Included): ₹ 230,249
2026-05-02 14:58:46 INFO  PropertyDetailsPage:109 - Duration: 31 nights
2026-05-02 14:58:46 INFO  PropertyDetailsPage:110 - Per Night: ₹7427.387096774193
2026-05-02 15:03:08 ERROR HotelSearchPage:88 - Failed to click Hotels option: stale element reference: stale element not found in the current frame
  (Session info: chrome=146.0.7680.178)
For documentation on this error, please visit: https://www.selenium.dev/documentation/webdriver/troubleshooting/errors#staleelementreferenceexception
Build info: version: '4.39.0', revision: '126f156aee'
System info: os.name: 'Windows 11', os.arch: 'amd64', os.version: '10.0', java.version: '21.0.2'
Driver info: org.openqa.selenium.chrome.ChromeDriver
Command: [5134e4a519c6978202d2955fc738cc61, clickElement {id=f.CBDEF835D82E576494C792BAFD11D924.d.774A02E3D9F38F2154D3EB62688F7FB9.e.1086}]
Capabilities {acceptInsecureCerts: false, browserName: chrome, browserVersion: 146.0.7680.178, chrome: {chromedriverVersion: 146.0.7680.165 (4b989da09e1..., userDataDir: C:\Users\2481483\AppData\Lo...}, fedcm:accounts: true, goog:chromeOptions: {debuggerAddress: localhost:51113}, goog:processID: 17496, networkConnectionEnabled: false, pageLoadStrategy: normal, platformName: windows, proxy: Proxy(), se:cdp: ws://localhost:51113/devtoo..., se:cdpVersion: 146.0.7680.178, setWindowRect: true, strictFileInteractability: false, timeouts: {implicit: 0, pageLoad: 300000, script: 30000}, unhandledPromptBehavior: dismiss and notify, webauthn:extension:credBlob: true, webauthn:extension:largeBlob: true, webauthn:extension:minPinLength: true, webauthn:extension:prf: true, webauthn:virtualAuthenticators: true}
Element: [[ChromeDriver: chrome on windows (5134e4a519c6978202d2955fc738cc61)] -> xpath: //div[contains(text(),'Hotels') and @data-testid='filters-group-label-content']]
Session ID: 5134e4a519c6978202d2955fc738cc61
org.openqa.selenium.StaleElementReferenceException: stale element reference: stale element not found in the current frame
  (Session info: chrome=146.0.7680.178)
For documentation on this error, please visit: https://www.selenium.dev/documentation/webdriver/troubleshooting/errors#staleelementreferenceexception
Build info: version: '4.39.0', revision: '126f156aee'
System info: os.name: 'Windows 11', os.arch: 'amd64', os.version: '10.0', java.version: '21.0.2'
Driver info: org.openqa.selenium.chrome.ChromeDriver
Command: [5134e4a519c6978202d2955fc738cc61, clickElement {id=f.CBDEF835D82E576494C792BAFD11D924.d.774A02E3D9F38F2154D3EB62688F7FB9.e.1086}]
Capabilities {acceptInsecureCerts: false, browserName: chrome, browserVersion: 146.0.7680.178, chrome: {chromedriverVersion: 146.0.7680.165 (4b989da09e1..., userDataDir: C:\Users\2481483\AppData\Lo...}, fedcm:accounts: true, goog:chromeOptions: {debuggerAddress: localhost:51113}, goog:processID: 17496, networkConnectionEnabled: false, pageLoadStrategy: normal, platformName: windows, proxy: Proxy(), se:cdp: ws://localhost:51113/devtoo..., se:cdpVersion: 146.0.7680.178, setWindowRect: true, strictFileInteractability: false, timeouts: {implicit: 0, pageLoad: 300000, script: 30000}, unhandledPromptBehavior: dismiss and notify, webauthn:extension:credBlob: true, webauthn:extension:largeBlob: true, webauthn:extension:minPinLength: true, webauthn:extension:prf: true, webauthn:virtualAuthenticators: true}
Element: [[ChromeDriver: chrome on windows (5134e4a519c6978202d2955fc738cc61)] -> xpath: //div[contains(text(),'Hotels') and @data-testid='filters-group-label-content']]
Session ID: 5134e4a519c6978202d2955fc738cc61
	at java.base/jdk.internal.reflect.DirectConstructorHandleAccessor.newInstance(DirectConstructorHandleAccessor.java:62)
	at java.base/java.lang.reflect.Constructor.newInstanceWithCaller(Constructor.java:502)
	at java.base/java.lang.reflect.Constructor.newInstance(Constructor.java:486)
	at org.openqa.selenium.remote.ErrorCodec.decode(ErrorCodec.java:167)
	at org.openqa.selenium.remote.codec.w3c.W3CHttpResponseCodec.decode(W3CHttpResponseCodec.java:142)
	at org.openqa.selenium.remote.codec.w3c.W3CHttpResponseCodec.decode(W3CHttpResponseCodec.java:49)
	at org.openqa.selenium.remote.HttpCommandExecutor.execute(HttpCommandExecutor.java:215)
	at org.openqa.selenium.remote.service.DriverCommandExecutor.invokeExecute(DriverCommandExecutor.java:216)
	at org.openqa.selenium.remote.service.DriverCommandExecutor.execute(DriverCommandExecutor.java:174)
	at org.openqa.selenium.remote.RemoteWebDriver.execute(RemoteWebDriver.java:561)
	at org.openqa.selenium.remote.RemoteWebElement.execute(RemoteWebElement.java:223)
	at org.openqa.selenium.remote.RemoteWebElement.click(RemoteWebElement.java:76)
	at java.base/jdk.internal.reflect.DirectMethodHandleAccessor.invoke(DirectMethodHandleAccessor.java:103)
	at java.base/java.lang.reflect.Method.invoke(Method.java:580)
	at org.openqa.selenium.support.pagefactory.internal.LocatingElementHandler.invoke(LocatingElementHandler.java:51)
	at jdk.proxy2/jdk.proxy2.$Proxy28.click(Unknown Source)
	at org.zigwheels.pages.HotelSearchPage.clickHotelsOption(HotelSearchPage.java:82)
	at org.booking.testcases.ranu.TC_04_ValidateNavigation.verifyNavigationOfDriver(TC_04_ValidateNavigation.java:27)
	at java.base/jdk.internal.reflect.DirectMethodHandleAccessor.invoke(DirectMethodHandleAccessor.java:103)
	at java.base/java.lang.reflect.Method.invoke(Method.java:580)
	at org.testng.internal.invokers.MethodInvocationHelper.invokeMethod(MethodInvocationHelper.java:141)
	at org.testng.internal.invokers.TestInvoker.invokeMethod(TestInvoker.java:687)
	at org.testng.internal.invokers.TestInvoker.invokeTestMethod(TestInvoker.java:230)
	at org.testng.internal.invokers.MethodRunner.runInSequence(MethodRunner.java:63)
	at org.testng.internal.invokers.TestInvoker$MethodInvocationAgent.invoke(TestInvoker.java:995)
	at org.testng.internal.invokers.TestInvoker.invokeTestMethods(TestInvoker.java:203)
	at org.testng.internal.invokers.TestMethodWorker.invokeTestMethods(TestMethodWorker.java:154)
	at org.testng.internal.invokers.TestMethodWorker.run(TestMethodWorker.java:134)
	at java.base/java.util.ArrayList.forEach(ArrayList.java:1596)
	at org.testng.TestRunner.privateRun(TestRunner.java:741)
	at org.testng.TestRunner.run(TestRunner.java:616)
	at org.testng.SuiteRunner.runTest(SuiteRunner.java:421)
	at org.testng.SuiteRunner.runSequentially(SuiteRunner.java:413)
	at org.testng.SuiteRunner.privateRun(SuiteRunner.java:373)
	at org.testng.SuiteRunner.run(SuiteRunner.java:312)
	at org.testng.SuiteRunnerWorker.runSuite(SuiteRunnerWorker.java:52)
	at org.testng.SuiteRunnerWorker.run(SuiteRunnerWorker.java:95)
	at org.testng.TestNG.runSuitesSequentially(TestNG.java:1274)
	at org.testng.TestNG.runSuitesLocally(TestNG.java:1208)
	at org.testng.TestNG.runSuites(TestNG.java:1112)
	at org.testng.TestNG.run(TestNG.java:1079)
	at com.intellij.rt.testng.IDEARemoteTestNG.run(IDEARemoteTestNG.java:65)
	at com.intellij.rt.testng.RemoteTestNGStarter.main(RemoteTestNGStarter.java:105)
2026-05-02 15:04:14 INFO  PropertyDetailsPage:80 - Holiday Home Title: Fairmont The Norfolk
2026-05-02 15:04:14 INFO  PropertyDetailsPage:84 - Holiday Home Location: Harry Thuku Road, Nairobi CBD, 00200 Nairobi, Kenya
Excellent location – rated 9/10!
2026-05-02 15:04:14 INFO  PropertyDetailsPage:92 - Holiday Home Total Price (All Nights Included): ₹ 1,182,626
2026-05-02 15:04:14 INFO  PropertyDetailsPage:109 - Duration: 31 nights
2026-05-02 15:04:14 INFO  PropertyDetailsPage:110 - Per Night: ₹38149.22580645161
2026-05-02 15:04:24 INFO  PropertyDetailsPage:80 - Holiday Home Title: Nairobi Serena Hotel
2026-05-02 15:04:24 INFO  PropertyDetailsPage:84 - Holiday Home Location: Kenyatta Avenue,, 00100 Nairobi, Kenya
Excellent location – rated 9.2/10!
2026-05-02 15:04:25 INFO  PropertyDetailsPage:92 - Holiday Home Total Price (All Nights Included): ₹ 1,679,689
2026-05-02 15:04:25 INFO  PropertyDetailsPage:109 - Duration: 31 nights
2026-05-02 15:04:25 INFO  PropertyDetailsPage:110 - Per Night: ₹54183.51612903226
2026-05-02 15:04:33 INFO  PropertyDetailsPage:80 - Holiday Home Title: Fairmont The Norfolk
2026-05-02 15:04:34 INFO  PropertyDetailsPage:84 - Holiday Home Location: Harry Thuku Road, Nairobi CBD, 00200 Nairobi, Kenya
Excellent location – rated 9/10!
2026-05-02 15:04:34 INFO  PropertyDetailsPage:92 - Holiday Home Total Price (All Nights Included): ₹ 1,182,626
2026-05-02 15:04:34 INFO  PropertyDetailsPage:109 - Duration: 31 nights
2026-05-02 15:04:34 INFO  PropertyDetailsPage:110 - Per Night: ₹38149.22580645161
2026-05-02 15:04:41 INFO  PropertyDetailsPage:80 - Holiday Home Title: Kamille Suites
2026-05-02 15:04:41 INFO  PropertyDetailsPage:84 - Holiday Home Location: Fedha Road Tsavo Fedha, 00100 Nairobi, Kenya
Excellent location – rated 9.6/10!
2026-05-02 15:04:42 INFO  PropertyDetailsPage:92 - Holiday Home Total Price (All Nights Included): ₹ 115,045
2026-05-02 15:04:42 INFO  PropertyDetailsPage:109 - Duration: 31 nights
2026-05-02 15:04:42 INFO  PropertyDetailsPage:110 - Per Night: ₹3711.1290322580644
2026-05-02 15:04:49 INFO  PropertyDetailsPage:80 - Holiday Home Title: Caster one-bedroom apartment JKIA
2026-05-02 15:04:49 INFO  PropertyDetailsPage:84 - Holiday Home Location: Muthama Access Road Tofina muthama apartments block A house A10, 45995 Nairobi, Kenya
After booking, all of the property’s details, including telephone and address, are provided in your booking confirmation and your account.
2026-05-02 15:04:50 INFO  PropertyDetailsPage:92 - Holiday Home Total Price (All Nights Included): ₹ 230,249
2026-05-02 15:04:50 INFO  PropertyDetailsPage:109 - Duration: 31 nights
2026-05-02 15:04:50 INFO  PropertyDetailsPage:110 - Per Night: ₹7427.387096774193
2026-05-02 19:24:46 ERROR HomePage:77 - Failed to enter city: invalid selector: Unable to locate an element with the xpath expression //div[text()='Nairobi' because of the following error:
SyntaxError: Failed to execute 'evaluate' on 'Document': The string '//div[text()='Nairobi'' is not a valid XPath expression.
  (Session info: chrome=146.0.7680.178)
For documentation on this error, please visit: https://www.selenium.dev/documentation/webdriver/troubleshooting/errors#invalidselectorexception
Build info: version: '4.39.0', revision: '126f156aee'
System info: os.name: 'Windows 11', os.arch: 'amd64', os.version: '10.0', java.version: '21.0.2'
Driver info: org.openqa.selenium.chrome.ChromeDriver
Command: [09edf11edc01953b2c230009a96d3fd6, findElement {value=//div[text()='Nairobi', using=xpath}]
Capabilities {acceptInsecureCerts: false, browserName: chrome, browserVersion: 146.0.7680.178, chrome: {chromedriverVersion: 146.0.7680.165 (4b989da09e1..., userDataDir: C:\Users\2481483\AppData\Lo...}, fedcm:accounts: true, goog:chromeOptions: {debuggerAddress: localhost:51731}, goog:processID: 26932, networkConnectionEnabled: false, pageLoadStrategy: normal, platformName: windows, proxy: Proxy(), se:cdp: ws://localhost:51731/devtoo..., se:cdpVersion: 146.0.7680.178, setWindowRect: true, strictFileInteractability: false, timeouts: {implicit: 0, pageLoad: 300000, script: 30000}, unhandledPromptBehavior: dismiss and notify, webauthn:extension:credBlob: true, webauthn:extension:largeBlob: true, webauthn:extension:minPinLength: true, webauthn:extension:prf: true, webauthn:virtualAuthenticators: true}
Session ID: 09edf11edc01953b2c230009a96d3fd6
org.openqa.selenium.InvalidSelectorException: invalid selector: Unable to locate an element with the xpath expression //div[text()='Nairobi' because of the following error:
SyntaxError: Failed to execute 'evaluate' on 'Document': The string '//div[text()='Nairobi'' is not a valid XPath expression.
  (Session info: chrome=146.0.7680.178)
For documentation on this error, please visit: https://www.selenium.dev/documentation/webdriver/troubleshooting/errors#invalidselectorexception
Build info: version: '4.39.0', revision: '126f156aee'
System info: os.name: 'Windows 11', os.arch: 'amd64', os.version: '10.0', java.version: '21.0.2'
Driver info: org.openqa.selenium.chrome.ChromeDriver
Command: [09edf11edc01953b2c230009a96d3fd6, findElement {value=//div[text()='Nairobi', using=xpath}]
Capabilities {acceptInsecureCerts: false, browserName: chrome, browserVersion: 146.0.7680.178, chrome: {chromedriverVersion: 146.0.7680.165 (4b989da09e1..., userDataDir: C:\Users\2481483\AppData\Lo...}, fedcm:accounts: true, goog:chromeOptions: {debuggerAddress: localhost:51731}, goog:processID: 26932, networkConnectionEnabled: false, pageLoadStrategy: normal, platformName: windows, proxy: Proxy(), se:cdp: ws://localhost:51731/devtoo..., se:cdpVersion: 146.0.7680.178, setWindowRect: true, strictFileInteractability: false, timeouts: {implicit: 0, pageLoad: 300000, script: 30000}, unhandledPromptBehavior: dismiss and notify, webauthn:extension:credBlob: true, webauthn:extension:largeBlob: true, webauthn:extension:minPinLength: true, webauthn:extension:prf: true, webauthn:virtualAuthenticators: true}
Session ID: 09edf11edc01953b2c230009a96d3fd6
	at java.base/jdk.internal.reflect.DirectConstructorHandleAccessor.newInstance(DirectConstructorHandleAccessor.java:62)
	at java.base/java.lang.reflect.Constructor.newInstanceWithCaller(Constructor.java:502)
	at java.base/java.lang.reflect.Constructor.newInstance(Constructor.java:486)
	at org.openqa.selenium.remote.ErrorCodec.decode(ErrorCodec.java:167)
	at org.openqa.selenium.remote.codec.w3c.W3CHttpResponseCodec.decode(W3CHttpResponseCodec.java:142)
	at org.openqa.selenium.remote.codec.w3c.W3CHttpResponseCodec.decode(W3CHttpResponseCodec.java:49)
	at org.openqa.selenium.remote.HttpCommandExecutor.execute(HttpCommandExecutor.java:215)
	at org.openqa.selenium.remote.service.DriverCommandExecutor.invokeExecute(DriverCommandExecutor.java:216)
	at org.openqa.selenium.remote.service.DriverCommandExecutor.execute(DriverCommandExecutor.java:174)
	at org.openqa.selenium.remote.RemoteWebDriver.execute(RemoteWebDriver.java:561)
	at org.openqa.selenium.remote.ElementLocation$ElementFinder$2.findElement(ElementLocation.java:166)
	at org.openqa.selenium.remote.ElementLocation.findElement(ElementLocation.java:60)
	at org.openqa.selenium.remote.RemoteWebDriver.findElement(RemoteWebDriver.java:384)
	at org.openqa.selenium.remote.RemoteWebDriver.findElement(RemoteWebDriver.java:378)
	at org.zigwheels.pages.HomePage.searchCity(HomePage.java:75)
	at org.booking.testcases.TC_01_ValidateSearchFunctionality.run(TC_01_ValidateSearchFunctionality.java:13)
	at java.base/jdk.internal.reflect.DirectMethodHandleAccessor.invoke(DirectMethodHandleAccessor.java:103)
	at java.base/java.lang.reflect.Method.invoke(Method.java:580)
	at org.testng.internal.invokers.MethodInvocationHelper.invokeMethod(MethodInvocationHelper.java:141)
	at org.testng.internal.invokers.TestInvoker.invokeMethod(TestInvoker.java:687)
	at org.testng.internal.invokers.TestInvoker.invokeTestMethod(TestInvoker.java:230)
	at org.testng.internal.invokers.MethodRunner.runInSequence(MethodRunner.java:63)
	at org.testng.internal.invokers.TestInvoker$MethodInvocationAgent.invoke(TestInvoker.java:995)
	at org.testng.internal.invokers.TestInvoker.invokeTestMethods(TestInvoker.java:203)
	at org.testng.internal.invokers.TestMethodWorker.invokeTestMethods(TestMethodWorker.java:154)
	at org.testng.internal.invokers.TestMethodWorker.run(TestMethodWorker.java:134)
	at java.base/java.util.ArrayList.forEach(ArrayList.java:1596)
	at org.testng.TestRunner.privateRun(TestRunner.java:741)
	at org.testng.TestRunner.run(TestRunner.java:616)
	at org.testng.SuiteRunner.runTest(SuiteRunner.java:421)
	at org.testng.SuiteRunner.runSequentially(SuiteRunner.java:413)
	at org.testng.SuiteRunner.privateRun(SuiteRunner.java:373)
	at org.testng.SuiteRunner.run(SuiteRunner.java:312)
	at org.testng.SuiteRunnerWorker.runSuite(SuiteRunnerWorker.java:52)
	at org.testng.SuiteRunnerWorker.run(SuiteRunnerWorker.java:95)
	at org.testng.TestNG.runSuitesSequentially(TestNG.java:1274)
	at org.testng.TestNG.runSuitesLocally(TestNG.java:1208)
	at org.testng.TestNG.runSuites(TestNG.java:1112)
	at org.testng.TestNG.run(TestNG.java:1079)
	at com.intellij.rt.testng.IDEARemoteTestNG.run(IDEARemoteTestNG.java:65)
	at com.intellij.rt.testng.RemoteTestNGStarter.main(RemoteTestNGStarter.java:105)
2026-05-02 19:51:38 INFO  PropertyDetailsPage:81 - Holiday Home Title: Fairmont The Norfolk
2026-05-02 19:51:38 INFO  PropertyDetailsPage:85 - Holiday Home Location: Harry Thuku Road, Nairobi CBD, 00200 Nairobi, Kenya
Excellent location – rated 9/10!
2026-05-02 19:51:38 INFO  PropertyDetailsPage:93 - Holiday Home Total Price (All Nights Included): ₹ 1,182,626
2026-05-02 19:51:38 INFO  PropertyDetailsPage:110 - Duration: 31 nights
2026-05-02 19:51:38 INFO  PropertyDetailsPage:111 - Per Night: ₹38149.22580645161
2026-05-02 19:51:45 INFO  PropertyDetailsPage:81 - Holiday Home Title: Glee Nairobi, a Preferred LVX Hotel
2026-05-02 19:51:45 INFO  PropertyDetailsPage:85 - Holiday Home Location: Glee Nairobi, 27384 Nairobi, Kenya
After booking, all of the property’s details, including telephone and address, are provided in your booking confirmation and your account.
2026-05-02 19:51:45 INFO  PropertyDetailsPage:93 - Holiday Home Total Price (All Nights Included): ₹ 1,200,547
2026-05-02 19:51:45 INFO  PropertyDetailsPage:110 - Duration: 31 nights
2026-05-02 19:51:45 INFO  PropertyDetailsPage:111 - Per Night: ₹38727.32258064516
2026-05-02 19:51:53 INFO  PropertyDetailsPage:81 - Holiday Home Title: Nairobi Serena Hotel
2026-05-02 19:51:53 INFO  PropertyDetailsPage:85 - Holiday Home Location: Kenyatta Avenue,, 00100 Nairobi, Kenya
Excellent location – rated 9.2/10!
2026-05-02 19:51:53 INFO  PropertyDetailsPage:93 - Holiday Home Total Price (All Nights Included): ₹ 1,679,689
2026-05-02 19:51:53 INFO  PropertyDetailsPage:110 - Duration: 31 nights
2026-05-02 19:51:53 INFO  PropertyDetailsPage:111 - Per Night: ₹54183.51612903226
2026-05-02 19:51:58 INFO  PropertyDetailsPage:81 - Holiday Home Title: Kamille Suites
2026-05-02 19:51:58 INFO  PropertyDetailsPage:85 - Holiday Home Location: Fedha Road Tsavo Fedha, 00100 Nairobi, Kenya
Excellent location – rated 9.6/10!
2026-05-02 19:51:58 INFO  PropertyDetailsPage:93 - Holiday Home Total Price (All Nights Included): ₹ 115,045
2026-05-02 19:51:58 INFO  PropertyDetailsPage:110 - Duration: 31 nights
2026-05-02 19:51:58 INFO  PropertyDetailsPage:111 - Per Night: ₹3711.1290322580644
2026-05-02 19:52:02 INFO  PropertyDetailsPage:81 - Holiday Home Title: Caster one-bedroom apartment JKIA
2026-05-02 19:52:02 INFO  PropertyDetailsPage:85 - Holiday Home Location: Muthama Access Road Tofina muthama apartments block A house A10, 45995 Nairobi, Kenya
After booking, all of the property’s details, including telephone and address, are provided in your booking confirmation and your account.
2026-05-02 19:52:03 INFO  PropertyDetailsPage:93 - Holiday Home Total Price (All Nights Included): ₹ 230,249
2026-05-02 19:52:03 INFO  PropertyDetailsPage:110 - Duration: 31 nights
2026-05-02 19:52:03 INFO  PropertyDetailsPage:111 - Per Night: ₹7427.387096774193
2026-05-02 19:59:14 INFO  PropertyDetailsPage:81 - Holiday Home Title: Fairmont The Norfolk
2026-05-02 19:59:14 INFO  PropertyDetailsPage:85 - Holiday Home Location: Harry Thuku Road, Nairobi CBD, 00200 Nairobi, Kenya
Excellent location – rated 9/10!
2026-05-02 19:59:14 INFO  PropertyDetailsPage:93 - Holiday Home Total Price (All Nights Included): ₹ 1,182,626
2026-05-02 19:59:14 INFO  PropertyDetailsPage:110 - Duration: 31 nights
2026-05-02 19:59:14 INFO  PropertyDetailsPage:111 - Per Night: ₹38149.22580645161
2026-05-02 19:59:21 INFO  PropertyDetailsPage:81 - Holiday Home Title: Nairobi Serena Hotel
2026-05-02 19:59:21 INFO  PropertyDetailsPage:85 - Holiday Home Location: Kenyatta Avenue,, 00100 Nairobi, Kenya
Excellent location – rated 9.2/10!
2026-05-02 19:59:21 INFO  PropertyDetailsPage:93 - Holiday Home Total Price (All Nights Included): ₹ 1,679,689
2026-05-02 19:59:21 INFO  PropertyDetailsPage:110 - Duration: 31 nights
2026-05-02 19:59:21 INFO  PropertyDetailsPage:111 - Per Night: ₹54183.51612903226
2026-05-02 19:59:27 INFO  PropertyDetailsPage:81 - Holiday Home Title: Glee Nairobi, a Preferred LVX Hotel
2026-05-02 19:59:27 INFO  PropertyDetailsPage:85 - Holiday Home Location: Glee Nairobi, 27384 Nairobi, Kenya
After booking, all of the property’s details, including telephone and address, are provided in your booking confirmation and your account.
2026-05-02 19:59:27 INFO  PropertyDetailsPage:93 - Holiday Home Total Price (All Nights Included): ₹ 1,311,708
2026-05-02 19:59:27 INFO  PropertyDetailsPage:110 - Duration: 31 nights
2026-05-02 19:59:27 INFO  PropertyDetailsPage:111 - Per Night: ₹42313.16129032258
2026-05-02 19:59:32 INFO  PropertyDetailsPage:81 - Holiday Home Title: Kamille Suites
2026-05-02 19:59:32 INFO  PropertyDetailsPage:85 - Holiday Home Location: Fedha Road Tsavo Fedha, 00100 Nairobi, Kenya
Excellent location – rated 9.6/10!
2026-05-02 19:59:32 INFO  PropertyDetailsPage:93 - Holiday Home Total Price (All Nights Included): ₹ 115,045
2026-05-02 19:59:32 INFO  PropertyDetailsPage:110 - Duration: 31 nights
2026-05-02 19:59:32 INFO  PropertyDetailsPage:111 - Per Night: ₹3711.1290322580644
2026-05-02 19:59:37 INFO  PropertyDetailsPage:81 - Holiday Home Title: Caster one-bedroom apartment JKIA
2026-05-02 19:59:37 INFO  PropertyDetailsPage:85 - Holiday Home Location: Muthama Access Road Tofina muthama apartments block A house A10, 45995 Nairobi, Kenya
After booking, all of the property’s details, including telephone and address, are provided in your booking confirmation and your account.
2026-05-02 19:59:37 INFO  PropertyDetailsPage:93 - Holiday Home Total Price (All Nights Included): ₹ 251,569
2026-05-02 19:59:37 INFO  PropertyDetailsPage:110 - Duration: 31 nights
2026-05-02 19:59:37 INFO  PropertyDetailsPage:111 - Per Night: ₹8115.129032258064
